<?xml version="1.0" encoding="UTF-8"?><testsuite errors="0" failures="0" name="Automatización de APIs" skipped="0" tests="8" time="16.4" timestamp="2021-10-13 09:37:16"><testcase name="Crear Token dinámico correctamente"/><testcase name="Crear Token dinámico incorrectamente"/><testcase name="Obtener ID's de libros correctamente"/><testcase name="ObtenerID's de Libros incorrectamente"/><testcase name="Obtener libro por un ID en específico"/><testcase name="Obtener libro por un ID en específico unhappy path"/></testsuite>